0 info it worked if it ends with ok
1 verbose cli [ 'D:\\nodejs\\node.exe',
1 verbose cli   'D:\\nodejs\\node_modules\\npm\\bin\\npm-cli.js',
1 verbose cli   'run',
1 verbose cli   'build' ]
2 info using npm@3.10.10
3 info using node@v6.10.3
4 verbose run-script [ 'prebuild', 'build', 'postbuild' ]
5 info lifecycle react-mobile@1.0.0~prebuild: react-mobile@1.0.0
6 silly lifecycle react-mobile@1.0.0~prebuild: no script for prebuild, continuing
7 info lifecycle react-mobile@1.0.0~build: react-mobile@1.0.0
8 verbose lifecycle react-mobile@1.0.0~build: unsafe-perm in lifecycle true
9 verbose lifecycle react-mobile@1.0.0~build: PATH: D:\nodejs\node_modules\npm\bin\node-gyp-bin;C:\Users\qufei\desktop\webpack-init-react\node_modules\.bin;C:\Users\qufei\bin;D:\soft\Git\mingw64\bin;D:\soft\Git\usr\local\bin;D:\soft\Git\usr\bin;D:\soft\Git\usr\bin;D:\soft\Git\mingw64\bin;D:\soft\Git\usr\bin;C:\Users\qufei\bin;C:\Windows\system32;C:\Windows;C:\Windows\System32\Wbem;C:\Windows\System32\WindowsPowerShell\v1.0;E:\wamp\bin\mysql\mysql5.6.12\bin;E:\wamp\bin\php\php5.4.16;C:\ProgramData\ComposerSetup\bin;E:\wamp\bin\php\php5.5.12;E:\wamp\bin\php\php5.6.15;D:\soft\Git\cmd;D:\nodejs;E:\wamp\bin\mysql\mysql5.6.12\bin;C:\Users\qufei\AppData\Roaming\Composer\vendor\bin;C:\Users\qufei\AppData\Local\atom\bin;D:\soft\Git\cmd;D:\nodejs;C:\Users\qufei\AppData\Roaming\npm;D:\soft\Git\usr\bin\vendor_perl;D:\soft\Git\usr\bin\core_perl
10 verbose lifecycle react-mobile@1.0.0~build: CWD: C:\Users\qufei\desktop\webpack-init-react
11 silly lifecycle react-mobile@1.0.0~build: Args: [ '/d /s /c',
11 silly lifecycle   'rd/s/q build && set NODE_ENV=production && webpack --config ./webpack.server.js --progress --colors' ]
12 silly lifecycle react-mobile@1.0.0~build: Returned: code: 2  signal: null
13 info lifecycle react-mobile@1.0.0~build: Failed to exec build script
14 verbose stack Error: react-mobile@1.0.0 build: `rd/s/q build && set NODE_ENV=production && webpack --config ./webpack.server.js --progress --colors`
14 verbose stack Exit status 2
14 verbose stack     at EventEmitter.<anonymous> (D:\nodejs\node_modules\npm\lib\utils\lifecycle.js:255:16)
14 verbose stack     at emitTwo (events.js:106:13)
14 verbose stack     at EventEmitter.emit (events.js:191:7)
14 verbose stack     at ChildProcess.<anonymous> (D:\nodejs\node_modules\npm\lib\utils\spawn.js:40:14)
14 verbose stack     at emitTwo (events.js:106:13)
14 verbose stack     at ChildProcess.emit (events.js:191:7)
14 verbose stack     at maybeClose (internal/child_process.js:886:16)
14 verbose stack     at Process.ChildProcess._handle.onexit (internal/child_process.js:226:5)
15 verbose pkgid react-mobile@1.0.0
16 verbose cwd C:\Users\qufei\desktop\webpack-init-react
17 error Windows_NT 6.1.7601
18 error argv "D:\\nodejs\\node.exe" "D:\\nodejs\\node_modules\\npm\\bin\\npm-cli.js" "run" "build"
19 error node v6.10.3
20 error npm  v3.10.10
21 error code ELIFECYCLE
22 error react-mobile@1.0.0 build: `rd/s/q build && set NODE_ENV=production && webpack --config ./webpack.server.js --progress --colors`
22 error Exit status 2
23 error Failed at the react-mobile@1.0.0 build script 'rd/s/q build && set NODE_ENV=production && webpack --config ./webpack.server.js --progress --colors'.
23 error Make sure you have the latest version of node.js and npm installed.
23 error If you do, this is most likely a problem with the react-mobile package,
23 error not with npm itself.
23 error Tell the author that this fails on your system:
23 error     rd/s/q build && set NODE_ENV=production && webpack --config ./webpack.server.js --progress --colors
23 error You can get information on how to open an issue for this project with:
23 error     npm bugs react-mobile
23 error Or if that isn't available, you can get their info via:
23 error     npm owner ls react-mobile
23 error There is likely additional logging output above.
24 verbose exit [ 1, true ]
